[0.007s] Invoking command in '/home/daydreamerest/chapt2/chapt2_ws/build/demo_cpp_pkg': CMAKE_PREFIX_PATH=/opt/ros/humble /usr/bin/cmake --build /home/daydreamerest/chapt2/chapt2_ws/build/demo_cpp_pkg -- -j16 -l16
[0.036s] [35m[1mConsolidate compiler generated dependencies of target cpp_node[0m
[0.047s] [100%] Built target cpp_node
[0.054s] Invoked command in '/home/daydreamerest/chapt2/chapt2_ws/build/demo_cpp_pkg' returned '0': CMAKE_PREFIX_PATH=/opt/ros/humble /usr/bin/cmake --build /home/daydreamerest/chapt2/chapt2_ws/build/demo_cpp_pkg -- -j16 -l16
[0.075s] Invoking command in '/home/daydreamerest/chapt2/chapt2_ws/build/demo_cpp_pkg': CMAKE_PREFIX_PATH=/opt/ros/humble /usr/bin/cmake --install /home/daydreamerest/chapt2/chapt2_ws/build/demo_cpp_pkg
[0.080s] -- Install configuration: ""
[0.080s] -- Up-to-date: /home/daydreamerest/chapt2/chapt2_ws/install/demo_cpp_pkg/lib/demo_cpp_pkg/cpp_node
[0.080s] -- Up-to-date: /home/daydreamerest/chapt2/chapt2_ws/install/demo_cpp_pkg/share/ament_index/resource_index/package_run_dependencies/demo_cpp_pkg
[0.080s] -- Up-to-date: /home/daydreamerest/chapt2/chapt2_ws/install/demo_cpp_pkg/share/ament_index/resource_index/parent_prefix_path/demo_cpp_pkg
[0.080s] -- Up-to-date: /home/daydreamerest/chapt2/chapt2_ws/install/demo_cpp_pkg/share/demo_cpp_pkg/environment/ament_prefix_path.sh
[0.080s] -- Up-to-date: /home/daydreamerest/chapt2/chapt2_ws/install/demo_cpp_pkg/share/demo_cpp_pkg/environment/ament_prefix_path.dsv
[0.080s] -- Up-to-date: /home/daydreamerest/chapt2/chapt2_ws/install/demo_cpp_pkg/share/demo_cpp_pkg/environment/path.sh
[0.080s] -- Up-to-date: /home/daydreamerest/chapt2/chapt2_ws/install/demo_cpp_pkg/share/demo_cpp_pkg/environment/path.dsv
[0.080s] -- Up-to-date: /home/daydreamerest/chapt2/chapt2_ws/install/demo_cpp_pkg/share/demo_cpp_pkg/local_setup.bash
[0.080s] -- Up-to-date: /home/daydreamerest/chapt2/chapt2_ws/install/demo_cpp_pkg/share/demo_cpp_pkg/local_setup.sh
[0.080s] -- Up-to-date: /home/daydreamerest/chapt2/chapt2_ws/install/demo_cpp_pkg/share/demo_cpp_pkg/local_setup.zsh
[0.080s] -- Up-to-date: /home/daydreamerest/chapt2/chapt2_ws/install/demo_cpp_pkg/share/demo_cpp_pkg/local_setup.dsv
[0.080s] -- Installing: /home/daydreamerest/chapt2/chapt2_ws/install/demo_cpp_pkg/share/demo_cpp_pkg/package.dsv
[0.080s] -- Up-to-date: /home/daydreamerest/chapt2/chapt2_ws/install/demo_cpp_pkg/share/ament_index/resource_index/packages/demo_cpp_pkg
[0.080s] -- Up-to-date: /home/daydreamerest/chapt2/chapt2_ws/install/demo_cpp_pkg/share/demo_cpp_pkg/cmake/demo_cpp_pkgConfig.cmake
[0.081s] -- Up-to-date: /home/daydreamerest/chapt2/chapt2_ws/install/demo_cpp_pkg/share/demo_cpp_pkg/cmake/demo_cpp_pkgConfig-version.cmake
[0.081s] -- Up-to-date: /home/daydreamerest/chapt2/chapt2_ws/install/demo_cpp_pkg/share/demo_cpp_pkg/package.xml
[0.081s] Invoked command in '/home/daydreamerest/chapt2/chapt2_ws/build/demo_cpp_pkg' returned '0': CMAKE_PREFIX_PATH=/opt/ros/humble /usr/bin/cmake --install /home/daydreamerest/chapt2/chapt2_ws/build/demo_cpp_pkg
