[0.430s] Invoking command in '/home/daydreamerest/chapt2/chapt2_ws/src/demo_python_pkg': AMENT_PREFIX_PATH=/home/daydreamerest/chapt2/chapt2_ws/install/demo_cpp_pkg:${AMENT_PREFIX_PATH} CMAKE_PREFIX_PATH=/home/daydreamerest/chapt2/chapt2_ws/install/demo_cpp_pkg PYTHONPATH=/home/daydreamerest/chapt2/chapt2_ws/build/demo_python_pkg/prefix_override:/usr/lib/python3/dist-packages/colcon_core/task/python/colcon_distutils_commands:/home/daydreamerest/chapt2/chapt2_ws/install/demo_python_pkg/lib/python3.10/site-packages:${PYTHONPATH} /usr/bin/python3 -W ignore:setup.py install is deprecated setup.py egg_info --egg-base ../../build/demo_python_pkg build --build-base /home/daydreamerest/chapt2/chapt2_ws/build/demo_python_pkg/build install --record /home/daydreamerest/chapt2/chapt2_ws/build/demo_python_pkg/install.log --single-version-externally-managed install_data
[0.582s] running egg_info
[0.583s] creating ../../build/demo_python_pkg/demo_python_pkg.egg-info
[0.583s] writing ../../build/demo_python_pkg/demo_python_pkg.egg-info/PKG-INFO
[0.583s] writing dependency_links to ../../build/demo_python_pkg/demo_python_pkg.egg-info/dependency_links.txt
[0.583s] writing entry points to ../../build/demo_python_pkg/demo_python_pkg.egg-info/entry_points.txt
[0.583s] writing requirements to ../../build/demo_python_pkg/demo_python_pkg.egg-info/requires.txt
[0.583s] writing top-level names to ../../build/demo_python_pkg/demo_python_pkg.egg-info/top_level.txt
[0.583s] writing manifest file '../../build/demo_python_pkg/demo_python_pkg.egg-info/SOURCES.txt'
[0.584s] reading manifest file '../../build/demo_python_pkg/demo_python_pkg.egg-info/SOURCES.txt'
[0.584s] adding license file 'LICENSE'
[0.585s] writing manifest file '../../build/demo_python_pkg/demo_python_pkg.egg-info/SOURCES.txt'
[0.585s] running build
[0.585s] running build_py
[0.585s] creating /home/daydreamerest/chapt2/chapt2_ws/build/demo_python_pkg/build
[0.585s] creating /home/daydreamerest/chapt2/chapt2_ws/build/demo_python_pkg/build/lib
[0.585s] creating /home/daydreamerest/chapt2/chapt2_ws/build/demo_python_pkg/build/lib/demo_python_pkg
[0.585s] copying demo_python_pkg/python_node.py -> /home/daydreamerest/chapt2/chapt2_ws/build/demo_python_pkg/build/lib/demo_python_pkg
[0.585s] copying demo_python_pkg/__init__.py -> /home/daydreamerest/chapt2/chapt2_ws/build/demo_python_pkg/build/lib/demo_python_pkg
[0.585s] running install
[0.586s] running install_lib
[0.586s] creating /home/daydreamerest/chapt2/chapt2_ws/install/demo_python_pkg/lib/python3.10/site-packages/demo_python_pkg
[0.586s] copying /home/daydreamerest/chapt2/chapt2_ws/build/demo_python_pkg/build/lib/demo_python_pkg/python_node.py -> /home/daydreamerest/chapt2/chapt2_ws/install/demo_python_pkg/lib/python3.10/site-packages/demo_python_pkg
[0.586s] copying /home/daydreamerest/chapt2/chapt2_ws/build/demo_python_pkg/build/lib/demo_python_pkg/__init__.py -> /home/daydreamerest/chapt2/chapt2_ws/install/demo_python_pkg/lib/python3.10/site-packages/demo_python_pkg
[0.586s] byte-compiling /home/daydreamerest/chapt2/chapt2_ws/install/demo_python_pkg/lib/python3.10/site-packages/demo_python_pkg/python_node.py to python_node.cpython-310.pyc
[0.587s] byte-compiling /home/daydreamerest/chapt2/chapt2_ws/install/demo_python_pkg/lib/python3.10/site-packages/demo_python_pkg/__init__.py to __init__.cpython-310.pyc
[0.587s] running install_data
[0.587s] creating /home/daydreamerest/chapt2/chapt2_ws/install/demo_python_pkg/share/ament_index
[0.587s] creating /home/daydreamerest/chapt2/chapt2_ws/install/demo_python_pkg/share/ament_index/resource_index
[0.587s] creating /home/daydreamerest/chapt2/chapt2_ws/install/demo_python_pkg/share/ament_index/resource_index/packages
[0.587s] copying resource/demo_python_pkg -> /home/daydreamerest/chapt2/chapt2_ws/install/demo_python_pkg/share/ament_index/resource_index/packages
[0.587s] copying package.xml -> /home/daydreamerest/chapt2/chapt2_ws/install/demo_python_pkg/share/demo_python_pkg
[0.587s] running install_egg_info
[0.588s] Copying ../../build/demo_python_pkg/demo_python_pkg.egg-info to /home/daydreamerest/chapt2/chapt2_ws/install/demo_python_pkg/lib/python3.10/site-packages/demo_python_pkg-0.0.0-py3.10.egg-info
[0.589s] running install_scripts
[0.604s] Installing python_node script to /home/daydreamerest/chapt2/chapt2_ws/install/demo_python_pkg/lib/demo_python_pkg
[0.604s] writing list of installed files to '/home/daydreamerest/chapt2/chapt2_ws/build/demo_python_pkg/install.log'
[0.626s] Invoked command in '/home/daydreamerest/chapt2/chapt2_ws/src/demo_python_pkg' returned '0': AMENT_PREFIX_PATH=/home/daydreamerest/chapt2/chapt2_ws/install/demo_cpp_pkg:${AMENT_PREFIX_PATH} CMAKE_PREFIX_PATH=/home/daydreamerest/chapt2/chapt2_ws/install/demo_cpp_pkg PYTHONPATH=/home/daydreamerest/chapt2/chapt2_ws/build/demo_python_pkg/prefix_override:/usr/lib/python3/dist-packages/colcon_core/task/python/colcon_distutils_commands:/home/daydreamerest/chapt2/chapt2_ws/install/demo_python_pkg/lib/python3.10/site-packages:${PYTHONPATH} /usr/bin/python3 -W ignore:setup.py install is deprecated setup.py egg_info --egg-base ../../build/demo_python_pkg build --build-base /home/daydreamerest/chapt2/chapt2_ws/build/demo_python_pkg/build install --record /home/daydreamerest/chapt2/chapt2_ws/build/demo_python_pkg/install.log --single-version-externally-managed install_data
